<?xml version="1.0" encoding="utf-8"?><testsuites name="pytest tests"><testsuite name="pytest" errors="0" failures="0" skipped="0" tests="4" time="1.853" timestamp="2026-07-03T04:46:55.142712+00:00" hostname="agent-env-e86eba32-61e9-43ec-a7be-8a60f40d38e6"><testcase classname="tests.backend_test" name="test_root_online" time="0.273" /><testcase classname="tests.backend_test" name="test_create_inquiry_valid" time="0.095" /><testcase classname="tests.backend_test" name="test_create_inquiry_invalid_email" time="0.145" /><testcase classname="tests.backend_test" name="test_favorites_add_idempotent_list_and_delete" time="0.816" /></testsuite></testsuites>